[khoi.thangbaycuaanh.online/yeuchang.html]
[backblue.gif]
[fade.gif]
[index.html]
[w.ladicdn.com_443/5b80bae280c18044b11eada8/untitled-1-20191220170505.jpg]
[w.ladicdn.com/v2/source/ladipage.min9a60.js]
[w.ladicdn.com/s750x350/5b80bae280c18044b11eada8/tag-1542731526-1545920047-1547649152-20191211120327.png]
[w.ladicdn.com/s450x450/5b80bae280c18044b11eada8/chung-nhan-cua-bo-y-te-1484538464-1542132723-1552194046-1557758622-20191206015153-20191209182957.png]
[w.ladicdn.com/s400x400/5af25f2079c3a9d6356a7108/5-1532423819-20190928020534.png]
[w.ladicdn.com/s400x400/5af25f2079c3a9d6356a7108/6-1532423819-20190928020535.png]
[w.ladicdn.com/s700x550/5b80bae280c18044b11eada8/rfg-1547927645-20191211124547.png]
[w.ladicdn.com/s400x400/5af25f2079c3a9d6356a7108/7-1532423819-20190928020535.png]
[w.ladicdn.com/s400x400/5af25f2079c3a9d6356a7108/8-1532423819-20190928020547.png]
[w.ladicdn.com/s700x500/5b80bae280c18044b11eada8/screenshot_1-20200514074408-20200709105952.png]
[w.ladicdn.com/s750x550/5b80bae280c18044b11eada8/screenshot_2-20200515031752-20200709110246.png]
[w.ladicdn.com/s700x600/5b80bae280c18044b11eada8/d8f4d05d1747ed19b456-20200515032549-20200709110310.jpg]
[w.ladicdn.com/s700x600/5b80bae280c18044b11eada8/364c6ce5abff51a108ee-20200515032549-20200709110257.jpg]
[w.ladicdn.com/s750x550/5b80bae280c18044b11eada8/screenshot_4-20200515070345-20200709110036.png]
[w.ladicdn.com/s750x550/5b80bae280c18044b11eada8/screenshot_5-20200515070909-copy-1-gdl-20200709102349.png]
[w.ladicdn.com/s550x450/5b80bae280c18044b11eada8/zhongyaocaikuanjintengsheyingtu-5665694-20200515042743-20200709110224.jpg]
[w.ladicdn.com/s550x500/5b80bae280c18044b11eada8/60b1a3254664af3af675-20200515042743-20200709110201.jpg]
[w.ladicdn.com/s500x500/5b80bae280c18044b11eada8/5347995tuc-doan-jpeg-20200515042743-20200709110136.jpg]
[w.ladicdn.com/s500x500/5b80bae280c18044b11eada8/re-dinh-lang-1-20200515042743-20200709110149.jpg]
[w.ladicdn.com/s550x500/5b80bae280c18044b11eada8/cay-chia-voi-20200515042743-20200709110120.jpg]
[w.ladicdn.com/s700x550/5b80bae280c18044b11eada8/dong-goi-sp-1544885083-1547018976-1547652675-20191211123602-20200709110235.png]
[w.ladicdn.com/s550x500/5b80bae280c18044b11eada8/d1f67f4cedaa17f44ebb-20200513081057.jpg]
[w.ladicdn.com/s550x550/5b80bae280c18044b11eada8/screenshot_1-20200515083108.png]
[w.ladicdn.com/s650x500/5b80bae280c18044b11eada8/8f6e0379999f63c13a8e-20200513080607.jpg]
[w.ladicdn.com/s600x550/5b80bae280c18044b11eada8/f4b1c7835465ae3bf774-20200513081056-20200709110421.jpg]
[w.ladicdn.com/s550x450/5b80bae280c18044b11eada8/cong-dung-cua-cay-xau-ho-20200515093218-20200709110214.jpg]
[w.ladicdn.com/s750x400/5b80bae280c18044b11eada8/tag-2-1542731346-1545920047-1547649152-20191211120322.png]
[w.ladicdn.com/s750x400/5b80bae280c18044b11eada8/tin-tuc-24h-20191008082631-20191211120247-min-20200623034207.jpg]
[w.ladicdn.com/s700x600/5b80bae280c18044b11eada8/ly-20200412155947-20200428170412-min-20200623034208.jpg]
[w.ladicdn.com/s700x500/5b80bae280c18044b11eada8/ccccc-1547924248-20200428173952-min-20200623034207.png]
[w.ladicdn.com/s500x400/5b80bae280c18044b11eada8/cam-ket-hoan-tien6-20200613040243-min-20200623034154.png]
[w.ladicdn.com/s700x500/5b80bae280c18044b11eada8/cam-ket-hoan-tien6-20200613040243-min-20200623034154.png]
[w.ladicdn.com/s450x450/5b80bae280c18044b11eada8/39602e5a993bd6b7f47dbb230e6639d8-20200613040155-min-20200623034154.png]
[w.ladicdn.com/s700x600/5b80bae280c18044b11eada8/2-1558621568-1560220823-20191211123329-20200428170412-min-20200623034155.jpg]
[w.ladicdn.com/s700x600/5b80bae280c18044b11eada8/capture-20200711092742.png]
[w.ladicdn.com/s500x450/5b80bae280c18044b11eada8/39602e5a993bd6b7f47dbb230e6639d8-20200613040155-min-20200623034154.png]
[w.ladicdn.com/s750x850/5af25f2079c3a9d6356a7108/af6ec8fae1cc05925cdd-compressed-1562640344-20190930022900.jpg]
[w.ladicdn.com/5b80bae280c18044b11eada8/f_marketing_video_video-xuong_6914693488298976197-20200714091632.gif]
[connect.facebook.net/en_US/fbevents.js]
[apihelper.host/facebook_helper.js]
[w.ladicdn.com/v2/source/ladipage.min9a60.css]
[w.ladicdn.com/5b80bae280c18044b11eada8/ava-thetam-20200623070206.png]
[w.ladicdn.com/5b80bae280c18044b11eada8/ava-trani-20200623070206.png]
[w.ladicdn.com/5b80bae280c18044b11eada8/ava-ducnam-20200623070206.png]
[w.ladicdn.com/5b80bae280c18044b11eada8/ava-linhnguyen-20200623070206.png]
[w.ladicdn.com/5b80bae280c18044b11eada8/ava-vannh-1-20200623070213.png]
[w.ladicdn.com/5b80bae280c18044b11eada8/ava-hoanganh-20200623070206.png]
[w.ladicdn.com/5b80bae280c18044b11eada8/ava-ngocvu-20200623070206.png]
[w.ladicdn.com/5b80bae280c18044b11eada8/ava-bao-20200623070206.png]
[w.ladicdn.com/5b80bae280c18044b11eada8/ava-sontung-20200623070206.png]
[w.ladicdn.com/5b80bae280c18044b11eada8/ava-nhienpham-20200623070206.png]
[khoi.thangbaycuaanh.online/yeuchang.html]
[w.ladicdn.com/5b80bae280c18044b11eada8/ava-tuananh-20200623070206.png]
[connect.facebook.net/en_US/fbevents.js]
[w.ladicdn.com/v2/source/ladipage.min9a60.css]
[khoi.thangbaycuaanh.online/POST.html]
[khoi.thangbaycuaanh.online/POST.html]
