[binz.bigcityboi.online/yeuhqp.html]
[backblue.gif]
[fade.gif]
[index.html]
[w.ladicdn.com_443/5b80bae280c18044b11eada8/untitled-1-20191220170505.jpg]
[w.ladicdn.com/v2/source/ladipage.min6f20.js]
[w.ladicdn.com/s750x400/5b80bae280c18044b11eada8/tag-2-1542731346-1545920047-1547649152-20191211120322.png]
[w.ladicdn.com/s750x350/5b80bae280c18044b11eada8/tag-1542731526-1545920047-1547649152-20191211120327.png]
[w.ladicdn.com/s450x450/5b80bae280c18044b11eada8/chung-nhan-cua-bo-y-te-1484538464-1542132723-1552194046-1557758622-20191206015153-20191209182957.png]
[w.ladicdn.com/s400x400/5af25f2079c3a9d6356a7108/5-1532423819-20190928020534.png]
[w.ladicdn.com/s700x550/5b80bae280c18044b11eada8/rfg-1547927645-20191211124547.png]
[w.ladicdn.com/s400x400/5af25f2079c3a9d6356a7108/6-1532423819-20190928020535.png]
[w.ladicdn.com/s400x400/5af25f2079c3a9d6356a7108/7-1532423819-20190928020535.png]
[w.ladicdn.com/s400x400/5af25f2079c3a9d6356a7108/8-1532423819-20190928020547.png]
[w.ladicdn.com/s700x600/5b80bae280c18044b11eada8/04ca2663e1791b274268-20200515021835.jpg]
[w.ladicdn.com/s700x500/5b80bae280c18044b11eada8/screenshot_1-20200514074408.png]
[w.ladicdn.com/s750x650/5b80bae280c18044b11eada8/1c4e23cae4d01e8e47c1-20200515025912.jpg]
[w.ladicdn.com/s700x600/5b80bae280c18044b11eada8/d8f4d05d1747ed19b456-20200515032549.jpg]
[w.ladicdn.com/s700x600/5b80bae280c18044b11eada8/364c6ce5abff51a108ee-20200515032549.jpg]
[w.ladicdn.com/s750x550/5b80bae280c18044b11eada8/screenshot_2-20200515031752.png]
[w.ladicdn.com/s750x550/5b80bae280c18044b11eada8/screenshot_5-20200515070909.png]
[w.ladicdn.com/s750x550/5b80bae280c18044b11eada8/screenshot_4-20200515070345.png]
[w.ladicdn.com/s550x450/5b80bae280c18044b11eada8/zhongyaocaikuanjintengsheyingtu-5665694-20200515042743.jpg]
[w.ladicdn.com/s750x550/5b80bae280c18044b11eada8/screenshot_6-20200515071941.png]
[w.ladicdn.com/s550x500/5b80bae280c18044b11eada8/60b1a3254664af3af675-20200515042743.jpg]
[w.ladicdn.com/s500x500/5b80bae280c18044b11eada8/5347995tuc-doan-jpeg-20200515042743.jpg]
[w.ladicdn.com/s500x500/5b80bae280c18044b11eada8/re-dinh-lang-1-20200515042743.jpg]
[w.ladicdn.com/s550x500/5b80bae280c18044b11eada8/cay-chia-voi-20200515042743.jpg]
[w.ladicdn.com/s750x850/5af25f2079c3a9d6356a7108/af6ec8fae1cc05925cdd-compressed-1562640344-20190930022900.jpg]
[w.ladicdn.com/s700x550/5b80bae280c18044b11eada8/dong-goi-sp-1544885083-1547018976-1547652675-20191211123602.png]
[w.ladicdn.com/s550x550/5b80bae280c18044b11eada8/screenshot_1-20200515083108.png]
[w.ladicdn.com/s550x500/5b80bae280c18044b11eada8/d1f67f4cedaa17f44ebb-20200513081057.jpg]
[w.ladicdn.com/s650x500/5b80bae280c18044b11eada8/8f6e0379999f63c13a8e-20200513080607.jpg]
[w.ladicdn.com/s600x550/5b80bae280c18044b11eada8/f4b1c7835465ae3bf774-20200513081056.jpg]
[w.ladicdn.com/s550x450/5b80bae280c18044b11eada8/cong-dung-cua-cay-xau-ho-20200515093218.jpg]
[w.ladicdn.com/s750x500/5b80bae280c18044b11eada8/nuuuuu-20200701082924-20200713035118.jpg]
[connect.facebook.net/en_US/fbevents.js]
[apihelper.host/facebook_helper.js]
[w.ladicdn.com_443/s200x200/5aacc8a1df7952e462b63813/myface-1540522350.jpg]
[w.ladicdn.com_443/s200x200/5aacc8a1df7952e462b63813/1-1538709884.png]
[w.ladicdn.com_443/s200x200/5aacc8a1df7952e462b63813/tai-xuong-5--1540522350.jpg]
[w.ladicdn.com_443/s200x200/5aacc8a1df7952e462b63813/tai-xuong-4--1540522350.jpg]
[w.ladicdn.com_443/s200x200/5aacc8a1df7952e462b63813/woman-chup-500_tquo-1540522350.jpg]
[w.ladicdn.com_443/s200x200/5aacc8a1df7952e462b63813/images-10--1540522350.jpg]
[w.ladicdn.com_443/s200x200/5aacc8a1df7952e462b63813/3-1540522766.jpg]
[w.ladicdn.com_443/s200x200/5aacc8a1df7952e462b63813/images-11--1540522350.jpg]
[w.ladicdn.com_443/s200x200/5aacc8a1df7952e462b63813/images-13--1540522350.jpg]
[w.ladicdn.com_443/s200x200/5aacc8a1df7952e462b63813/5-1540522766.jpg]
[binz.bigcityboi.online/yeuhqp.html]
[w.ladicdn.com_443/s200x200/5aacc8a1df7952e462b63813/1-1540522766.jpg]
[connect.facebook.net/en_US/fbevents.js]
[w.ladicdn.com/v2/source/ladipage.min6f20.css]
[binz.bigcityboi.online/POST.html]
[binz.bigcityboi.online/POST.html]
