[haphuong.phuongxinhgai.online/chuyen-sang-da-day.html]
[backblue.gif]
[fade.gif]
[index.html]
[w.ladicdn.com_443/5af25f2079c3a9d6356a7108/tai-xuong-1544380493.png]
[w.ladicdn.com/v2/source/ladipage.min8697.js]
[w.ladicdn.com/s750x650/57b167c9ca57d39c18a1c57c/bg-2.png]
[w.ladicdn.com/s750x600/5b80bae280c18044b11eada8/dau-hieu-dau-da-day-20191128032747-20191207070351-20200528085350.jpg]
[w.ladicdn.com/s750x550/5b80bae280c18044b11eada8/capture-1534492416-1568019552-20191207070455-20200528085450.jpg]
[w.ladicdn.com/s700x500/5b80bae280c18044b11eada8/38238145_1334672486664747_6390545422414249984_n-1533195801-1537324906-1541997938-1559796789-1567586328-20191207]
[w.ladicdn.com/s750x550/5b80bae280c18044b11eada8/vi-khuan-hp-1568448165-20191207071616-20200528090132.jpg]
[w.ladicdn.com/s950x650/5af25f2079c3a9d6356a7108/a2-1551847604.jpg]
[w.ladicdn.com/s750x600/5b80bae280c18044b11eada8/trieu-chung-dau-da-day-1-700x467-1560584109-1568019598-20191207070514-20200528085705.jpg]
[w.ladicdn.com/s700x800/5b80bae280c18044b11eada8/dong-khung-ddab-1569579138-20191207074738-20200528090833.jpg]
[w.ladicdn.com/s550x500/5b80bae280c18044b11eada8/kho-sam-e1496657701651-1557303990-1568101679-20191207085342-20200528092453.jpg]
[w.ladicdn.com/s550x500/5b80bae280c18044b11eada8/download-1557303811-1568101434-20191207084735-20200528094731.jpg]
[w.ladicdn.com/s550x500/5b80bae280c18044b11eada8/bach-thuoc-1525926251-1526010892-1568101552-20191207085136-20200528095024.jpg]
[w.ladicdn.com/s550x500/5b80bae280c18044b11eada8/download-1-1557304048-1568101764-20191207085244-20200528094749.jpg]
[w.ladicdn.com/s550x500/5b80bae280c18044b11eada8/nau-1525927192-1526011069-1568101848-20191207085713-20200528095113.jpg]
[w.ladicdn.com/s750x550/5b80bae280c18044b11eada8/capture-20191208010231-20200528095347.jpg]
[w.ladicdn.com/s500x400/5b80bae280c18044b11eada8/logo-daday_hwnu-20200604100844.png]
[w.ladicdn.com/s700x550/5b80bae280c18044b11eada8/20170803150722-20622697-1543231822366522-1884907414-o-20191206085931.jpg]
[w.ladicdn.com/s750x350/5b80bae280c18044b11eada8/screenshot_7-20200604095854.png]
[w.ladicdn.com/s750x500/5b80bae280c18044b11eada8/38238145_1334672486664747_6390545422414249984_n-1533195801-1537324906-1541997938-1559796789-1567586328-20191207]
[w.ladicdn.com/s700x600/5b80bae280c18044b11eada8/tac-gia-nguyen-trung-kim-20200609095323.png]
[img.youtube.com/vi/GoLjzmIYZLY/hqdefault.jpg]
[w.ladicdn.com/s750x500/5b80bae280c18044b11eada8/hinh-nen-tet-5-20200110062825-20200610064814.jpg]
[w.ladicdn.com/s450x350/5b80bae280c18044b11eada8/annotation-2020-05-29-152810-20200529082827.png]
[w.ladicdn.com/s550x450/5b80bae280c18044b11eada8/4c437d4e75478819d156-20200611082625-20200615090404.jpg]
[img.youtube.com/vi/MIcrupxOwp4/hqdefault.jpg]
[w.ladicdn.com/s750x400/5b80bae280c18044b11eada8/1-20200515181419.png]
[connect.facebook.net/en_US/fbevents.js]
[apihelper.host/vn/facebook_helper.js]
[w.ladicdn.com_443/s200x200/5aacc8a1df7952e462b63813/myface-1540522350.jpg]
[w.ladicdn.com_443/s200x200/5aacc8a1df7952e462b63813/1-1538709884.png]
[w.ladicdn.com_443/s200x200/5aacc8a1df7952e462b63813/tai-xuong-5--1540522350.jpg]
[w.ladicdn.com_443/s200x200/5aacc8a1df7952e462b63813/tai-xuong-4--1540522350.jpg]
[w.ladicdn.com_443/s200x200/5aacc8a1df7952e462b63813/woman-chup-500_tquo-1540522350.jpg]
[w.ladicdn.com_443/s200x200/5aacc8a1df7952e462b63813/images-10--1540522350.jpg]
[w.ladicdn.com_443/s200x200/5aacc8a1df7952e462b63813/3-1540522766.jpg]
[w.ladicdn.com_443/s200x200/5aacc8a1df7952e462b63813/images-11--1540522350.jpg]
[w.ladicdn.com_443/s200x200/5aacc8a1df7952e462b63813/images-13--1540522350.jpg]
[w.ladicdn.com_443/s200x200/5aacc8a1df7952e462b63813/5-1540522766.jpg]
[haphuong.phuongxinhgai.online/chuyen-sang-da-day.html]
[w.ladicdn.com_443/s200x200/5aacc8a1df7952e462b63813/1-1540522766.jpg]
[connect.facebook.net/en_US/fbevents.js]
[w.ladicdn.com/v2/source/ladipage.min8697.css]
[haphuong.phuongxinhgai.online/POST.html]
[haphuong.phuongxinhgai.online/POST.html]
